<?xml version="1.0" encoding="UTF-8"?>
<testng-results ignored="0" total="2" passed="2" failed="0" skipped="0">
  <reporter-output>
  </reporter-output>
  <suite started-at="2022-02-27T16:11:29 IST" name="Default suite" finished-at="2022-02-27T16:11:41 IST" duration-ms="11988">
    <groups>
      <group name="cucumber">
        <method signature="AbstractTestNGCucumberTests.runScenario(io.cucumber.testng.PickleWrapper,io.cucumber.testng.FeatureWrapper)[pri:0, instance:cucumberOptions.TestRunner@741a8937]" name="runScenario" class="io.cucumber.testng.AbstractTestNGCucumberTests"/>
      </group> <!-- cucumber -->
    </groups>
    <test started-at="2022-02-27T16:11:29 IST" name="Default test" finished-at="2022-02-27T16:11:41 IST" duration-ms="11988">
      <class name="cucumberOptions.TestRunner">
        <test-method is-config="true" signature="setUpClass(org.testng.ITestContext)[pri:0, instance:cucumberOptions.TestRunner@741a8937]" started-at="2022-02-27T16:11:29 IST" name="setUpClass" finished-at="2022-02-27T16:11:30 IST" duration-ms="361" status="PASS">
          <params>
            <param index="0">
              <value>
                <![CDATA[org.testng.TestRunner@75ad30c1]]>
              </value>
            </param>
          </params>
          <reporter-output>
          </reporter-output>
        </test-method> <!-- setUpClass -->
        <test-method signature="runScenario(io.cucumber.testng.PickleWrapper,io.cucumber.testng.FeatureWrapper)[pri:0, instance:cucumberOptions.TestRunner@741a8937]" started-at="2022-02-27T16:11:30 IST" name="runScenario" description="Runs Cucumber Scenarios" data-provider="scenarios" finished-at="2022-02-27T16:11:38 IST" duration-ms="8331" status="PASS">
          <params>
            <param index="0">
              <value>
                <![CDATA["Verify if place is being Succesfully added using AddPlaceAPI"]]>
              </value>
            </param>
            <param index="1">
              <value>
                <![CDATA["Optional[Validating Place API's]"]]>
              </value>
            </param>
          </params>
          <reporter-output>
          </reporter-output>
        </test-method> <!-- runScenario -->
        <test-method signature="runScenario(io.cucumber.testng.PickleWrapper,io.cucumber.testng.FeatureWrapper)[pri:0, instance:cucumberOptions.TestRunner@741a8937]" started-at="2022-02-27T16:11:38 IST" name="runScenario" description="Runs Cucumber Scenarios" data-provider="scenarios" finished-at="2022-02-27T16:11:41 IST" duration-ms="3203" status="PASS">
          <params>
            <param index="0">
              <value>
                <![CDATA["Verify if Delete Place functionality is working"]]>
              </value>
            </param>
            <param index="1">
              <value>
                <![CDATA["Optional[Validating Place API's]"]]>
              </value>
            </param>
          </params>
          <reporter-output>
          </reporter-output>
        </test-method> <!-- runScenario -->
        <test-method is-config="true" signature="tearDownClass()[pri:0, instance:cucumberOptions.TestRunner@741a8937]" started-at="2022-02-27T16:11:41 IST" name="tearDownClass" finished-at="2022-02-27T16:11:41 IST" duration-ms="27" status="PASS">
          <reporter-output>
          </reporter-output>
        </test-method> <!-- tearDownClass -->
      </class> <!-- cucumberOptions.TestRunner -->
    </test> <!-- Default test -->
  </suite> <!-- Default suite -->
</testng-results>
