<?xml version="1.0" encoding="UTF-8"?>
<testng-results ignored="0" total="1" passed="1" failed="0" skipped="0">
  <reporter-output>
  </reporter-output>
  <suite started-at="2022-02-24T14:43:39 IST" name="Default suite" finished-at="2022-02-24T14:43:43 IST" duration-ms="3842">
    <groups>
    </groups>
    <test started-at="2022-02-24T14:43:39 IST" name="Default test" finished-at="2022-02-24T14:43:43 IST" duration-ms="3842">
      <class name="rest_api.DynamicJson">
        <test-method signature="addBook()[pri:0, instance:rest_api.DynamicJson@2accdbb5]" started-at="2022-02-24T14:43:39 IST" name="addBook" finished-at="2022-02-24T14:43:43 IST" duration-ms="3776" status="PASS">
          <reporter-output>
          </reporter-output>
        </test-method> <!-- addBook -->
      </class> <!-- rest_api.DynamicJson -->
    </test> <!-- Default test -->
  </suite> <!-- Default suite -->
</testng-results>
